<?xml version="1.0" encoding="UTF-8"?>
<testsuite name="com.rafael.NotificacionYUtilTest" tests="3" skipped="0" failures="0" errors="0" timestamp="2026-09-19T00:21:09.175Z" hostname="LENOVO_RAFAEL" time="0.021">
  <properties/>
  <testcase name="obtieneIpLocal()" classname="com.rafael.NotificacionYUtilTest" time="0.009"/>
  <testcase name="rechazaArgumentosNulosEnSusContratosPublicos()" classname="com.rafael.NotificacionYUtilTest" time="0.003"/>
  <testcase name="publicaUnaVezYPermiteRemover()" classname="com.rafael.NotificacionYUtilTest" time="0.005"/>
  <system-out><![CDATA[]]></system-out>
  <system-err><![CDATA[]]></system-err>
</testsuite>
